<?xml version="1.0" encoding="UTF-8"?>
<!-- Generated by org.testng.reporters.JUnitReportReporter -->
<testsuite name="bi3.tests.MOTest" tests="1" time="19.560" ignored="0" failures="0" timestamp="26 Apr 2017 16:28:47 GMT" skipped="0" hostname="Bi3-NB-RASHARD" errors="0">
  <testcase name="CreateManufactureOrder" time="19.560" classname="bi3.tests.MOTest"/>
</testsuite> <!-- bi3.tests.MOTest -->
