<?xml version="1.0" encoding="UTF-8"?>
<!-- Generated by org.testng.reporters.JUnitReportReporter -->
<testsuite name="bi3.tests.LoginTest" tests="1" time="12.023" ignored="0" failures="0" timestamp="04 May 2017 18:09:34 GMT" skipped="0" hostname="Bi3-NB-RASHARD" errors="0">
  <testcase name="Test2" time="12.023" classname="bi3.tests.LoginTest"/>
</testsuite> <!-- bi3.tests.LoginTest -->
