<?xml version="1.0" encoding="UTF-8"?>
<!-- Generated by org.testng.reporters.JUnitReportReporter -->
<testsuite name="bi3.tests.POPTest" tests="1" time="3.247" ignored="0" failures="0" timestamp="05 May 2017 01:00:46 GMT" skipped="0" hostname="Bi3-NB-RASHARD" errors="1">
  <testcase name="ProductOrderProposal" time="3.247" classname="bi3.tests.POPTest">
    <error type="java.lang.NullPointerException">
      <![CDATA[java.lang.NullPointerException
	at bi3.pages.LoginPage.GoTo(LoginPage.java:22)
	at bi3.tests.POPTest.ProductOrderProposal(POPTest.java:267)
	at sun.reflect.NativeMethodAccessorImpl.invoke0(Native Method)
	at sun.reflect.NativeMethodAccessorImpl.invoke(NativeMethodAccessorImpl.java:62)
	at sun.reflect.DelegatingMethodAccessorImpl.invoke(DelegatingMethodAccessorImpl.java:43)
	at java.lang.reflect.Method.invoke(Method.java:498)
	at org.testng.internal.MethodInvocationHelper.invokeMethod(MethodInvocationHelper.java:104)
	at org.testng.internal.Invoker.invokeMethod(Invoker.java:645)
	at org.testng.internal.Invoker.invokeTestMethod(Invoker.java:851)
	at org.testng.internal.Invoker.invokeTestMethods(Invoker.java:1177)
	at org.testng.internal.TestMethodWorker.invokeTestMethods(TestMethodWorker.java:129)
	at org.testng.internal.TestMethodWorker.run(TestMethodWorker.java:112)
	at java.util.concurrent.ThreadPoolExecutor.runWorker(ThreadPoolExecutor.java:1142)
	at java.util.concurrent.ThreadPoolExecutor$Worker.run(ThreadPoolExecutor.java:617)
	at java.lang.Thread.run(Thread.java:745)
]]>
    </error>
  </testcase> <!-- ProductOrderProposal -->
</testsuite> <!-- bi3.tests.POPTest -->
