<?xml version="1.0" encoding="UTF-8"?>
<!-- Generated by org.testng.reporters.JUnitReportReporter -->
<testsuite name="bi3.tests.TestNewR" tests="1" time="48.678" ignored="0" failures="0" timestamp="02 May 2017 21:26:05 GMT" skipped="0" hostname="Bi3-NB-RASHARD" errors="0">
  <testcase name="createT" time="48.678" classname="bi3.tests.TestNewR"/>
</testsuite> <!-- bi3.tests.TestNewR -->
